<?xml version="1.0" encoding="UTF-8"?>
<testsuite name="TestSuite" time="10.709" tests="21" errors="0" skipped="0" failures="4">
  <properties>
    <property name="java.runtime.name" value="Java(TM) SE Runtime Environment"/>
    <property name="sun.boot.library.path" value="/Library/Java/JavaVirtualMachines/jdk1.8.0_73.jdk/Contents/Home/jre/lib"/>
    <property name="java.vm.version" value="25.73-b02"/>
    <property name="gopherProxySet" value="false"/>
    <property name="java.vm.vendor" value="Oracle Corporation"/>
    <property name="maven.multiModuleProjectDirectory" value="/Users/karthikkaruppasamy/Documents/workspace-sts-3.8.3.RELEASE/test"/>
    <property name="java.vendor.url" value="http://java.oracle.com/"/>
    <property name="path.separator" value=":"/>
    <property name="guice.disable.misplaced.annotation.check" value="true"/>
    <property name="java.vm.name" value="Java HotSpot(TM) 64-Bit Server VM"/>
    <property name="file.encoding.pkg" value="sun.io"/>
    <property name="user.country" value="US"/>
    <property name="sun.java.launcher" value="SUN_STANDARD"/>
    <property name="sun.os.patch.level" value="unknown"/>
    <property name="java.vm.specification.name" value="Java Virtual Machine Specification"/>
    <property name="user.dir" value="/Users/karthikkaruppasamy/Documents/workspace-sts-3.8.3.RELEASE/test"/>
    <property name="java.runtime.version" value="1.8.0_73-b02"/>
    <property name="java.awt.graphicsenv" value="sun.awt.CGraphicsEnvironment"/>
    <property name="java.endorsed.dirs" value="/Library/Java/JavaVirtualMachines/jdk1.8.0_73.jdk/Contents/Home/jre/lib/endorsed"/>
    <property name="os.arch" value="x86_64"/>
    <property name="java.io.tmpdir" value="/var/folders/jx/r4r2zvl16hdcc7qs8n4jc5jm0000gn/T/"/>
    <property name="line.separator" value="&#10;"/>
    <property name="java.vm.specification.vendor" value="Oracle Corporation"/>
    <property name="os.name" value="Mac OS X"/>
    <property name="classworlds.conf" value="/usr/local/Cellar/maven/3.3.3/libexec/bin/m2.conf"/>
    <property name="sun.jnu.encoding" value="UTF-8"/>
    <property name="java.library.path" value="/Users/karthikkaruppasamy/Library/Java/Extensions:/Library/Java/Extensions:/Network/Library/Java/Extensions:/System/Library/Java/Extensions:/usr/lib/java:."/>
    <property name="suite" value="DevTestSuite"/>
    <property name="java.specification.name" value="Java Platform API Specification"/>
    <property name="java.class.version" value="52.0"/>
    <property name="sun.management.compiler" value="HotSpot 64-Bit Tiered Compilers"/>
    <property name="os.version" value="10.12.3"/>
    <property name="http.nonProxyHosts" value="local|*.local"/>
    <property name="user.home" value="/Users/karthikkaruppasamy"/>
    <property name="user.timezone" value="America/New_York"/>
    <property name="java.awt.printerjob" value="sun.lwawt.macosx.CPrinterJob"/>
    <property name="java.specification.version" value="1.8"/>
    <property name="file.encoding" value="UTF-8"/>
    <property name="envType" value="dev"/>
    <property name="user.name" value="kanagaroot"/>
    <property name="java.class.path" value="/usr/local/Cellar/maven/3.3.3/libexec/boot/plexus-classworlds-2.5.2.jar"/>
    <property name="java.vm.specification.version" value="1.8"/>
    <property name="sun.arch.data.model" value="64"/>
    <property name="java.home" value="/Library/Java/JavaVirtualMachines/jdk1.8.0_73.jdk/Contents/Home/jre"/>
    <property name="sun.java.command" value="org.codehaus.plexus.classworlds.launcher.Launcher clean test -Dsuite=DevTestSuite -DenvType=dev -P integrationtest"/>
    <property name="java.specification.vendor" value="Oracle Corporation"/>
    <property name="user.language" value="en"/>
    <property name="awt.toolkit" value="sun.lwawt.macosx.LWCToolkit"/>
    <property name="java.vm.info" value="mixed mode"/>
    <property name="java.version" value="1.8.0_73"/>
    <property name="java.ext.dirs" value="/Users/karthikkaruppasamy/Library/Java/Extensions:/Library/Java/JavaVirtualMachines/jdk1.8.0_73.jdk/Contents/Home/jre/lib/ext:/Library/Java/Extensions:/Network/Library/Java/Extensions:/System/Library/Java/Extensions:/usr/lib/java"/>
    <property name="sun.boot.class.path" value="/Library/Java/JavaVirtualMachines/jdk1.8.0_73.jdk/Contents/Home/jre/lib/resources.jar:/Library/Java/JavaVirtualMachines/jdk1.8.0_73.jdk/Contents/Home/jre/lib/rt.jar:/Library/Java/JavaVirtualMachines/jdk1.8.0_73.jdk/Contents/Home/jre/lib/sunrsasign.jar:/Library/Java/JavaVirtualMachines/jdk1.8.0_73.jdk/Contents/Home/jre/lib/jsse.jar:/Library/Java/JavaVirtualMachines/jdk1.8.0_73.jdk/Contents/Home/jre/lib/jce.jar:/Library/Java/JavaVirtualMachines/jdk1.8.0_73.jdk/Contents/Home/jre/lib/charsets.jar:/Library/Java/JavaVirtualMachines/jdk1.8.0_73.jdk/Contents/Home/jre/lib/jfr.jar:/Library/Java/JavaVirtualMachines/jdk1.8.0_73.jdk/Contents/Home/jre/classes"/>
    <property name="java.vendor" value="Oracle Corporation"/>
    <property name="maven.home" value="/usr/local/Cellar/maven/3.3.3/libexec"/>
    <property name="file.separator" value="/"/>
    <property name="java.vendor.url.bug" value="http://bugreport.sun.com/bugreport/"/>
    <property name="sun.cpu.endian" value="little"/>
    <property name="sun.io.unicode.encoding" value="UnicodeBig"/>
    <property name="socksNonProxyHosts" value="local|*.local"/>
    <property name="ftp.nonProxyHosts" value="local|*.local"/>
    <property name="sun.cpu.isalist" value=""/>
  </properties>
  <testcase name="availabiltyJson" classname="com.example.tests.AvailabilityTest" time="7.717"/>
  <testcase name="testOrder" classname="com.example.tests.AvailabilityTest" time="0.467">
    <failure message="Assertion Failed:Expecting response 200 , Response Code returned is: 404&#10; Petid : 1&#10;testorder1 expected [true] but found [false]" type="java.lang.AssertionError">java.lang.AssertionError: Assertion Failed:Expecting response 200 , Response Code returned is: 404
 Petid : 1
testorder1 expected [true] but found [false]
	at org.testng.Assert.fail(Assert.java:94)
	at org.testng.Assert.failNotEquals(Assert.java:513)
	at org.testng.Assert.assertTrue(Assert.java:42)
	at com.example.tests.AvailabilityTest.testOrder(AvailabilityTest.java:106)
</failure>
    <system-out><![CDATA[23:15:43.042 [main] DEBUG o.a.h.i.c.BasicClientConnectionManager - Get connection for route {}->http://petstore.swagger.io:80
23:15:43.043 [main] DEBUG o.a.h.i.c.DefaultClientConnectionOperator - Connecting to petstore.swagger.io:80
23:15:43.179 [Finalizer] DEBUG o.a.h.i.conn.DefaultClientConnection - Connection 0.0.0.0:49753<->162.125.4.1:443 closed
23:15:43.308 [main] DEBUG o.a.h.c.protocol.RequestAddCookies - CookieSpec selected: ignoreCookies
23:15:43.308 [main] DEBUG o.a.h.c.protocol.RequestAuthCache - Auth cache not set in the context
23:15:43.308 [main] DEBUG o.a.h.c.p.RequestTargetAuthentication - Target auth state: UNCHALLENGED
23:15:43.308 [main] DEBUG o.a.h.c.p.RequestProxyAuthentication - Proxy auth state: UNCHALLENGED
23:15:43.308 [main] DEBUG o.a.h.impl.client.DefaultHttpClient - Attempt 1 to execute request
23:15:43.308 [main] DEBUG o.a.h.i.conn.DefaultClientConnection - Sending request: GET /v2/store/order/1 HTTP/1.1
23:15:43.309 [main] DEBUG org.apache.http.wire -  >> "GET /v2/store/order/1 HTTP/1.1[\r][\n]"
23:15:43.309 [main] DEBUG org.apache.http.wire -  >> "Content-Type: application/json; charset=UTF-8[\r][\n]"
23:15:43.309 [main] DEBUG org.apache.http.wire -  >> "Accept: */*[\r][\n]"
23:15:43.309 [main] DEBUG org.apache.http.wire -  >> "Content-Length: 0[\r][\n]"
23:15:43.309 [main] DEBUG org.apache.http.wire -  >> "Host: petstore.swagger.io[\r][\n]"
23:15:43.309 [main] DEBUG org.apache.http.wire -  >> "Connection: Keep-Alive[\r][\n]"
23:15:43.309 [main] DEBUG org.apache.http.wire -  >> "User-Agent: Apache-HttpClient/4.5.1 (Java/1.8.0_73)[\r][\n]"
23:15:43.309 [main] DEBUG org.apache.http.wire -  >> "Accept-Encoding: gzip,deflate[\r][\n]"
23:15:43.309 [main] DEBUG org.apache.http.wire -  >> "[\r][\n]"
23:15:43.309 [main] DEBUG org.apache.http.headers - >> GET /v2/store/order/1 HTTP/1.1
23:15:43.310 [main] DEBUG org.apache.http.headers - >> Content-Type: application/json; charset=UTF-8
23:15:43.310 [main] DEBUG org.apache.http.headers - >> Accept: */*
23:15:43.310 [main] DEBUG org.apache.http.headers - >> Content-Length: 0
23:15:43.310 [main] DEBUG org.apache.http.headers - >> Host: petstore.swagger.io
23:15:43.310 [main] DEBUG org.apache.http.headers - >> Connection: Keep-Alive
23:15:43.310 [main] DEBUG org.apache.http.headers - >> User-Agent: Apache-HttpClient/4.5.1 (Java/1.8.0_73)
23:15:43.310 [main] DEBUG org.apache.http.headers - >> Accept-Encoding: gzip,deflate
23:15:43.483 [main] DEBUG org.apache.http.wire -  << "HTTP/1.1 404 Not Found[\r][\n]"
23:15:43.483 [main] DEBUG org.apache.http.wire -  << "Date: Thu, 02 Mar 2017 04:15:43 GMT[\r][\n]"
23:15:43.483 [main] DEBUG org.apache.http.wire -  << "Access-Control-Allow-Origin: *[\r][\n]"
23:15:43.483 [main] DEBUG org.apache.http.wire -  << "Access-Control-Allow-Methods: GET, POST, DELETE, PUT[\r][\n]"
23:15:43.483 [main] DEBUG org.apache.http.wire -  << "Access-Control-Allow-Headers: Content-Type, api_key, Authorization[\r][\n]"
23:15:43.483 [main] DEBUG org.apache.http.wire -  << "Content-Type: application/json[\r][\n]"
23:15:43.483 [main] DEBUG org.apache.http.wire -  << "Connection: close[\r][\n]"
23:15:43.484 [main] DEBUG org.apache.http.wire -  << "Server: Jetty(9.2.9.v20150224)[\r][\n]"
23:15:43.484 [main] DEBUG org.apache.http.wire -  << "[\r][\n]"
23:15:43.485 [main] DEBUG o.a.h.i.conn.DefaultClientConnection - Receiving response: HTTP/1.1 404 Not Found
23:15:43.486 [main] DEBUG org.apache.http.headers - << HTTP/1.1 404 Not Found
23:15:43.486 [main] DEBUG org.apache.http.headers - << Date: Thu, 02 Mar 2017 04:15:43 GMT
23:15:43.486 [main] DEBUG org.apache.http.headers - << Access-Control-Allow-Origin: *
23:15:43.486 [main] DEBUG org.apache.http.headers - << Access-Control-Allow-Methods: GET, POST, DELETE, PUT
23:15:43.486 [main] DEBUG org.apache.http.headers - << Access-Control-Allow-Headers: Content-Type, api_key, Authorization
23:15:43.486 [main] DEBUG org.apache.http.headers - << Content-Type: application/json
23:15:43.486 [main] DEBUG org.apache.http.headers - << Connection: close
23:15:43.486 [main] DEBUG org.apache.http.headers - << Server: Jetty(9.2.9.v20150224)
23:15:43.488 [main] DEBUG i.r.i.RequestSpecificationImpl$RestAssuredHttpBuilder - Parsing response as: application/json
23:15:43.488 [main] DEBUG i.r.i.RequestSpecificationImpl$RestAssuredHttpBuilder - Parsed data to instance of: class org.apache.http.conn.EofSensorInputStream
23:15:43.489 [main] INFO  com.example.tests.AvailabilityTest - http://petstore.swagger.io/v2/store/order/1
23:15:43.489 [main] INFO  com.example.tests.AvailabilityTest - testorder1
]]></system-out>
  </testcase>
  <testcase name="testOrder" classname="com.example.tests.AvailabilityTest" time="0.427"/>
  <testcase name="testOrder" classname="com.example.tests.AvailabilityTest" time="0.156"/>
  <testcase name="testOrder" classname="com.example.tests.AvailabilityTest" time="0.151"/>
  <testcase name="testPostOrder" classname="com.example.tests.AvailabilityTest" time="0.197"/>
  <testcase name="testPostPet" classname="com.example.tests.AvailabilityTest" time="0.155"/>
  <testcase name="testPet" classname="com.example.tests.AvailabilityTest" time="0.129">
    <failure message="Assertion Failed:Expecting response 200 , Response Code returned is: 404&#10; Petid : 2&#10; expected [true] but found [false]" type="java.lang.AssertionError">java.lang.AssertionError: Assertion Failed:Expecting response 200 , Response Code returned is: 404
 Petid : 2
 expected [true] but found [false]
	at org.testng.Assert.fail(Assert.java:94)
	at org.testng.Assert.failNotEquals(Assert.java:513)
	at org.testng.Assert.assertTrue(Assert.java:42)
	at com.example.tests.AvailabilityTest.testPet(AvailabilityTest.java:93)
</failure>
    <system-out><![CDATA[23:15:44.601 [main] DEBUG o.a.h.i.c.BasicClientConnectionManager - Get connection for route {}->http://petstore.swagger.io:80
23:15:44.602 [main] DEBUG o.a.h.i.c.DefaultClientConnectionOperator - Connecting to petstore.swagger.io:80
23:15:44.655 [main] DEBUG o.a.h.c.protocol.RequestAddCookies - CookieSpec selected: ignoreCookies
23:15:44.656 [main] DEBUG o.a.h.c.protocol.RequestAuthCache - Auth cache not set in the context
23:15:44.657 [main] DEBUG o.a.h.c.p.RequestTargetAuthentication - Target auth state: UNCHALLENGED
23:15:44.657 [main] DEBUG o.a.h.c.p.RequestProxyAuthentication - Proxy auth state: UNCHALLENGED
23:15:44.658 [main] DEBUG o.a.h.impl.client.DefaultHttpClient - Attempt 1 to execute request
23:15:44.658 [main] DEBUG o.a.h.i.conn.DefaultClientConnection - Sending request: GET /v2/pet/2 HTTP/1.1
23:15:44.659 [main] DEBUG org.apache.http.wire -  >> "GET /v2/pet/2 HTTP/1.1[\r][\n]"
23:15:44.659 [main] DEBUG org.apache.http.wire -  >> "Content-Type: application/json; charset=UTF-8[\r][\n]"
23:15:44.659 [main] DEBUG org.apache.http.wire -  >> "Accept: */*[\r][\n]"
23:15:44.660 [main] DEBUG org.apache.http.wire -  >> "Content-Length: 0[\r][\n]"
23:15:44.661 [main] DEBUG org.apache.http.wire -  >> "Host: petstore.swagger.io[\r][\n]"
23:15:44.661 [main] DEBUG org.apache.http.wire -  >> "Connection: Keep-Alive[\r][\n]"
23:15:44.661 [main] DEBUG org.apache.http.wire -  >> "User-Agent: Apache-HttpClient/4.5.1 (Java/1.8.0_73)[\r][\n]"
23:15:44.661 [main] DEBUG org.apache.http.wire -  >> "Accept-Encoding: gzip,deflate[\r][\n]"
23:15:44.662 [main] DEBUG org.apache.http.wire -  >> "[\r][\n]"
23:15:44.662 [main] DEBUG org.apache.http.headers - >> GET /v2/pet/2 HTTP/1.1
23:15:44.663 [main] DEBUG org.apache.http.headers - >> Content-Type: application/json; charset=UTF-8
23:15:44.663 [main] DEBUG org.apache.http.headers - >> Accept: */*
23:15:44.663 [main] DEBUG org.apache.http.headers - >> Content-Length: 0
23:15:44.663 [main] DEBUG org.apache.http.headers - >> Host: petstore.swagger.io
23:15:44.664 [main] DEBUG org.apache.http.headers - >> Connection: Keep-Alive
23:15:44.664 [main] DEBUG org.apache.http.headers - >> User-Agent: Apache-HttpClient/4.5.1 (Java/1.8.0_73)
23:15:44.664 [main] DEBUG org.apache.http.headers - >> Accept-Encoding: gzip,deflate
23:15:44.706 [main] DEBUG org.apache.http.wire -  << "HTTP/1.1 404 Not Found[\r][\n]"
23:15:44.706 [main] DEBUG org.apache.http.wire -  << "Date: Thu, 02 Mar 2017 04:15:44 GMT[\r][\n]"
23:15:44.706 [main] DEBUG org.apache.http.wire -  << "Access-Control-Allow-Origin: *[\r][\n]"
23:15:44.706 [main] DEBUG org.apache.http.wire -  << "Access-Control-Allow-Methods: GET, POST, DELETE, PUT[\r][\n]"
23:15:44.706 [main] DEBUG org.apache.http.wire -  << "Access-Control-Allow-Headers: Content-Type, api_key, Authorization[\r][\n]"
23:15:44.706 [main] DEBUG org.apache.http.wire -  << "Content-Type: application/json[\r][\n]"
23:15:44.706 [main] DEBUG org.apache.http.wire -  << "Connection: close[\r][\n]"
23:15:44.706 [main] DEBUG org.apache.http.wire -  << "Server: Jetty(9.2.9.v20150224)[\r][\n]"
23:15:44.706 [main] DEBUG org.apache.http.wire -  << "[\r][\n]"
23:15:44.707 [main] DEBUG o.a.h.i.conn.DefaultClientConnection - Receiving response: HTTP/1.1 404 Not Found
23:15:44.707 [main] DEBUG org.apache.http.headers - << HTTP/1.1 404 Not Found
23:15:44.707 [main] DEBUG org.apache.http.headers - << Date: Thu, 02 Mar 2017 04:15:44 GMT
23:15:44.707 [main] DEBUG org.apache.http.headers - << Access-Control-Allow-Origin: *
23:15:44.707 [main] DEBUG org.apache.http.headers - << Access-Control-Allow-Methods: GET, POST, DELETE, PUT
23:15:44.707 [main] DEBUG org.apache.http.headers - << Access-Control-Allow-Headers: Content-Type, api_key, Authorization
23:15:44.707 [main] DEBUG org.apache.http.headers - << Content-Type: application/json
23:15:44.707 [main] DEBUG org.apache.http.headers - << Connection: close
23:15:44.707 [main] DEBUG org.apache.http.headers - << Server: Jetty(9.2.9.v20150224)
23:15:44.708 [main] DEBUG i.r.i.RequestSpecificationImpl$RestAssuredHttpBuilder - Parsing response as: application/json
23:15:44.709 [main] DEBUG i.r.i.RequestSpecificationImpl$RestAssuredHttpBuilder - Parsed data to instance of: class org.apache.http.conn.EofSensorInputStream
23:15:44.713 [main] INFO  com.example.tests.AvailabilityTest - http://petstore.swagger.io/v2/pet/2
]]></system-out>
  </testcase>
  <testcase name="testPet" classname="com.example.tests.AvailabilityTest" time="0.126"/>
  <testcase name="testPet" classname="com.example.tests.AvailabilityTest" time="0.121">
    <failure message="Assertion Failed:Expecting response 200 , Response Code returned is: 404&#10; Petid : 4&#10; expected [true] but found [false]" type="java.lang.AssertionError">java.lang.AssertionError: Assertion Failed:Expecting response 200 , Response Code returned is: 404
 Petid : 4
 expected [true] but found [false]
	at org.testng.Assert.fail(Assert.java:94)
	at org.testng.Assert.failNotEquals(Assert.java:513)
	at org.testng.Assert.assertTrue(Assert.java:42)
	at com.example.tests.AvailabilityTest.testPet(AvailabilityTest.java:93)
</failure>
    <system-out><![CDATA[23:15:44.849 [main] DEBUG o.a.h.i.c.BasicClientConnectionManager - Get connection for route {}->http://petstore.swagger.io:80
23:15:44.849 [main] DEBUG o.a.h.i.c.DefaultClientConnectionOperator - Connecting to petstore.swagger.io:80
23:15:44.900 [main] DEBUG o.a.h.c.protocol.RequestAddCookies - CookieSpec selected: ignoreCookies
23:15:44.900 [main] DEBUG o.a.h.c.protocol.RequestAuthCache - Auth cache not set in the context
23:15:44.900 [main] DEBUG o.a.h.c.p.RequestTargetAuthentication - Target auth state: UNCHALLENGED
23:15:44.900 [main] DEBUG o.a.h.c.p.RequestProxyAuthentication - Proxy auth state: UNCHALLENGED
23:15:44.900 [main] DEBUG o.a.h.impl.client.DefaultHttpClient - Attempt 1 to execute request
23:15:44.900 [main] DEBUG o.a.h.i.conn.DefaultClientConnection - Sending request: GET /v2/pet/4 HTTP/1.1
23:15:44.900 [main] DEBUG org.apache.http.wire -  >> "GET /v2/pet/4 HTTP/1.1[\r][\n]"
23:15:44.900 [main] DEBUG org.apache.http.wire -  >> "Content-Type: application/json; charset=UTF-8[\r][\n]"
23:15:44.901 [main] DEBUG org.apache.http.wire -  >> "Accept: */*[\r][\n]"
23:15:44.901 [main] DEBUG org.apache.http.wire -  >> "Content-Length: 0[\r][\n]"
23:15:44.901 [main] DEBUG org.apache.http.wire -  >> "Host: petstore.swagger.io[\r][\n]"
23:15:44.901 [main] DEBUG org.apache.http.wire -  >> "Connection: Keep-Alive[\r][\n]"
23:15:44.902 [main] DEBUG org.apache.http.wire -  >> "User-Agent: Apache-HttpClient/4.5.1 (Java/1.8.0_73)[\r][\n]"
23:15:44.903 [main] DEBUG org.apache.http.wire -  >> "Accept-Encoding: gzip,deflate[\r][\n]"
23:15:44.903 [main] DEBUG org.apache.http.wire -  >> "[\r][\n]"
23:15:44.903 [main] DEBUG org.apache.http.headers - >> GET /v2/pet/4 HTTP/1.1
23:15:44.903 [main] DEBUG org.apache.http.headers - >> Content-Type: application/json; charset=UTF-8
23:15:44.904 [main] DEBUG org.apache.http.headers - >> Accept: */*
23:15:44.905 [main] DEBUG org.apache.http.headers - >> Content-Length: 0
23:15:44.907 [main] DEBUG org.apache.http.headers - >> Host: petstore.swagger.io
23:15:44.907 [main] DEBUG org.apache.http.headers - >> Connection: Keep-Alive
23:15:44.909 [main] DEBUG org.apache.http.headers - >> User-Agent: Apache-HttpClient/4.5.1 (Java/1.8.0_73)
23:15:44.909 [main] DEBUG org.apache.http.headers - >> Accept-Encoding: gzip,deflate
23:15:44.953 [main] DEBUG org.apache.http.wire -  << "HTTP/1.1 404 Not Found[\r][\n]"
23:15:44.953 [main] DEBUG org.apache.http.wire -  << "Date: Thu, 02 Mar 2017 04:15:44 GMT[\r][\n]"
23:15:44.953 [main] DEBUG org.apache.http.wire -  << "Access-Control-Allow-Origin: *[\r][\n]"
23:15:44.953 [main] DEBUG org.apache.http.wire -  << "Access-Control-Allow-Methods: GET, POST, DELETE, PUT[\r][\n]"
23:15:44.953 [main] DEBUG org.apache.http.wire -  << "Access-Control-Allow-Headers: Content-Type, api_key, Authorization[\r][\n]"
23:15:44.953 [main] DEBUG org.apache.http.wire -  << "Content-Type: application/json[\r][\n]"
23:15:44.953 [main] DEBUG org.apache.http.wire -  << "Connection: close[\r][\n]"
23:15:44.953 [main] DEBUG org.apache.http.wire -  << "Server: Jetty(9.2.9.v20150224)[\r][\n]"
23:15:44.953 [main] DEBUG org.apache.http.wire -  << "[\r][\n]"
23:15:44.953 [main] DEBUG o.a.h.i.conn.DefaultClientConnection - Receiving response: HTTP/1.1 404 Not Found
23:15:44.953 [main] DEBUG org.apache.http.headers - << HTTP/1.1 404 Not Found
23:15:44.953 [main] DEBUG org.apache.http.headers - << Date: Thu, 02 Mar 2017 04:15:44 GMT
23:15:44.953 [main] DEBUG org.apache.http.headers - << Access-Control-Allow-Origin: *
23:15:44.954 [main] DEBUG org.apache.http.headers - << Access-Control-Allow-Methods: GET, POST, DELETE, PUT
23:15:44.954 [main] DEBUG org.apache.http.headers - << Access-Control-Allow-Headers: Content-Type, api_key, Authorization
23:15:44.954 [main] DEBUG org.apache.http.headers - << Content-Type: application/json
23:15:44.954 [main] DEBUG org.apache.http.headers - << Connection: close
23:15:44.954 [main] DEBUG org.apache.http.headers - << Server: Jetty(9.2.9.v20150224)
23:15:44.954 [main] DEBUG i.r.i.RequestSpecificationImpl$RestAssuredHttpBuilder - Parsing response as: application/json
23:15:44.954 [main] DEBUG i.r.i.RequestSpecificationImpl$RestAssuredHttpBuilder - Parsed data to instance of: class org.apache.http.conn.EofSensorInputStream
23:15:44.958 [main] INFO  com.example.tests.AvailabilityTest - http://petstore.swagger.io/v2/pet/4
]]></system-out>
  </testcase>
  <testcase name="testPet" classname="com.example.tests.AvailabilityTest" time="0.142">
    <failure message="Assertion Failed:Expecting response 200 , Response Code returned is: 404&#10; Petid : 5&#10; expected [true] but found [false]" type="java.lang.AssertionError">java.lang.AssertionError: Assertion Failed:Expecting response 200 , Response Code returned is: 404
 Petid : 5
 expected [true] but found [false]
	at org.testng.Assert.fail(Assert.java:94)
	at org.testng.Assert.failNotEquals(Assert.java:513)
	at org.testng.Assert.assertTrue(Assert.java:42)
	at com.example.tests.AvailabilityTest.testPet(AvailabilityTest.java:93)
</failure>
    <system-out><![CDATA[23:15:44.969 [main] DEBUG o.a.h.i.c.BasicClientConnectionManager - Get connection for route {}->http://petstore.swagger.io:80
23:15:44.970 [main] DEBUG o.a.h.i.c.DefaultClientConnectionOperator - Connecting to petstore.swagger.io:80
23:15:45.023 [main] DEBUG o.a.h.c.protocol.RequestAddCookies - CookieSpec selected: ignoreCookies
23:15:45.023 [main] DEBUG o.a.h.c.protocol.RequestAuthCache - Auth cache not set in the context
23:15:45.023 [main] DEBUG o.a.h.c.p.RequestTargetAuthentication - Target auth state: UNCHALLENGED
23:15:45.023 [main] DEBUG o.a.h.c.p.RequestProxyAuthentication - Proxy auth state: UNCHALLENGED
23:15:45.024 [main] DEBUG o.a.h.impl.client.DefaultHttpClient - Attempt 1 to execute request
23:15:45.024 [main] DEBUG o.a.h.i.conn.DefaultClientConnection - Sending request: GET /v2/pet/5 HTTP/1.1
23:15:45.024 [main] DEBUG org.apache.http.wire -  >> "GET /v2/pet/5 HTTP/1.1[\r][\n]"
23:15:45.024 [main] DEBUG org.apache.http.wire -  >> "Content-Type: application/json; charset=UTF-8[\r][\n]"
23:15:45.024 [main] DEBUG org.apache.http.wire -  >> "Accept: */*[\r][\n]"
23:15:45.024 [main] DEBUG org.apache.http.wire -  >> "Content-Length: 0[\r][\n]"
23:15:45.024 [main] DEBUG org.apache.http.wire -  >> "Host: petstore.swagger.io[\r][\n]"
23:15:45.024 [main] DEBUG org.apache.http.wire -  >> "Connection: Keep-Alive[\r][\n]"
23:15:45.024 [main] DEBUG org.apache.http.wire -  >> "User-Agent: Apache-HttpClient/4.5.1 (Java/1.8.0_73)[\r][\n]"
23:15:45.024 [main] DEBUG org.apache.http.wire -  >> "Accept-Encoding: gzip,deflate[\r][\n]"
23:15:45.024 [main] DEBUG org.apache.http.wire -  >> "[\r][\n]"
23:15:45.024 [main] DEBUG org.apache.http.headers - >> GET /v2/pet/5 HTTP/1.1
23:15:45.025 [main] DEBUG org.apache.http.headers - >> Content-Type: application/json; charset=UTF-8
23:15:45.025 [main] DEBUG org.apache.http.headers - >> Accept: */*
23:15:45.025 [main] DEBUG org.apache.http.headers - >> Content-Length: 0
23:15:45.025 [main] DEBUG org.apache.http.headers - >> Host: petstore.swagger.io
23:15:45.025 [main] DEBUG org.apache.http.headers - >> Connection: Keep-Alive
23:15:45.025 [main] DEBUG org.apache.http.headers - >> User-Agent: Apache-HttpClient/4.5.1 (Java/1.8.0_73)
23:15:45.025 [main] DEBUG org.apache.http.headers - >> Accept-Encoding: gzip,deflate
23:15:45.069 [main] DEBUG org.apache.http.wire -  << "HTTP/1.1 404 Not Found[\r][\n]"
23:15:45.069 [main] DEBUG org.apache.http.wire -  << "Date: Thu, 02 Mar 2017 04:15:45 GMT[\r][\n]"
23:15:45.070 [main] DEBUG org.apache.http.wire -  << "Access-Control-Allow-Origin: *[\r][\n]"
23:15:45.070 [main] DEBUG org.apache.http.wire -  << "Access-Control-Allow-Methods: GET, POST, DELETE, PUT[\r][\n]"
23:15:45.071 [main] DEBUG org.apache.http.wire -  << "Access-Control-Allow-Headers: Content-Type, api_key, Authorization[\r][\n]"
23:15:45.072 [main] DEBUG org.apache.http.wire -  << "Content-Type: application/json[\r][\n]"
23:15:45.073 [main] DEBUG org.apache.http.wire -  << "Connection: close[\r][\n]"
23:15:45.076 [main] DEBUG org.apache.http.wire -  << "Server: Jetty(9.2.9.v20150224)[\r][\n]"
23:15:45.082 [main] DEBUG org.apache.http.wire -  << "[\r][\n]"
23:15:45.085 [main] DEBUG o.a.h.i.conn.DefaultClientConnection - Receiving response: HTTP/1.1 404 Not Found
23:15:45.089 [main] DEBUG org.apache.http.headers - << HTTP/1.1 404 Not Found
23:15:45.090 [main] DEBUG org.apache.http.headers - << Date: Thu, 02 Mar 2017 04:15:45 GMT
23:15:45.090 [main] DEBUG org.apache.http.headers - << Access-Control-Allow-Origin: *
23:15:45.090 [main] DEBUG org.apache.http.headers - << Access-Control-Allow-Methods: GET, POST, DELETE, PUT
23:15:45.090 [main] DEBUG org.apache.http.headers - << Access-Control-Allow-Headers: Content-Type, api_key, Authorization
23:15:45.090 [main] DEBUG org.apache.http.headers - << Content-Type: application/json
23:15:45.090 [main] DEBUG org.apache.http.headers - << Connection: close
23:15:45.091 [main] DEBUG org.apache.http.headers - << Server: Jetty(9.2.9.v20150224)
23:15:45.094 [main] DEBUG i.r.i.RequestSpecificationImpl$RestAssuredHttpBuilder - Parsing response as: application/json
23:15:45.094 [main] DEBUG i.r.i.RequestSpecificationImpl$RestAssuredHttpBuilder - Parsed data to instance of: class org.apache.http.conn.EofSensorInputStream
23:15:45.095 [main] INFO  com.example.tests.AvailabilityTest - http://petstore.swagger.io/v2/pet/5
]]></system-out>
  </testcase>
  <testcase name="testPet" classname="com.example.tests.AvailabilityTest" time="0.121"/>
  <testcase name="testPet" classname="com.example.tests.AvailabilityTest" time="0.145"/>
  <testcase name="testPet" classname="com.example.tests.AvailabilityTest" time="0.12"/>
  <testcase name="testPet" classname="com.example.tests.AvailabilityTest" time="0.138"/>
  <testcase name="testPet" classname="com.example.tests.AvailabilityTest" time="0.146"/>
  <testcase name="testPet" classname="com.example.tests.AvailabilityTest" time="0.121"/>
  <testcase name="testGetOrder" classname="com.example.tests.AvailabilityTest" time="0"/>
  <testcase name="testPutPet" classname="com.example.tests.AvailabilityTest" time="0.001"/>
  <testcase name="testGetPet" classname="com.example.tests.AvailabilityTest" time="0"/>
  <testcase name="testDeletePet" classname="com.example.tests.AvailabilityTest" time="0.129"/>
</testsuite>